<?xml version="1.0" encoding="UTF-8"?>
<!-- Generated by org.testng.reporters.JUnitReportReporter -->
<testsuite hostname="SURESHKRISHNAN" name="com.crm.qa.testcases.ContactsPageTest" tests="3" failures="0" timestamp="21 Feb 2018 19:25:57 GMT" time="53.140" errors="0">
  <testcase name="VerifyContactInfoLabelTest" time="17.929" classname="com.crm.qa.testcases.ContactsPageTest"/>
  <testcase name="VerifyContactLabelTest" time="15.057" classname="com.crm.qa.testcases.ContactsPageTest"/>
  <testcase name="CreateNewContactTest" time="20.154" classname="com.crm.qa.testcases.ContactsPageTest"/>
</testsuite> <!-- com.crm.qa.testcases.ContactsPageTest -->
