<?xml version="1.0" encoding="UTF-8"?>
<!-- Generated by org.testng.reporters.JUnitReportReporter -->
<testsuite hostname="SURESHKRISHNAN" name="com.crm.qa.testcases.LoginPageTest" tests="3" failures="0" timestamp="21 Feb 2018 19:25:57 GMT" time="39.079" errors="0">
  <testcase name="ValidateCRMImageTest" time="9.368" classname="com.crm.qa.testcases.LoginPageTest"/>
  <testcase name="ValidateloginTest" time="20.917" classname="com.crm.qa.testcases.LoginPageTest"/>
  <testcase name="ValidateLoginTitleTest" time="8.794" classname="com.crm.qa.testcases.LoginPageTest"/>
</testsuite> <!-- com.crm.qa.testcases.LoginPageTest -->
