<?xml version="1.0" encoding="UTF-8"?>
<!-- Generated by org.testng.reporters.JUnitReportReporter -->
<testsuite hostname="SURESHKRISHNAN" name="com.crm.qa.testcases.HomePageTest" tests="1" failures="0" timestamp="28 Feb 2018 20:17:05 GMT" time="30.496" errors="0">
  <testcase name="CalenderHomeselection" time="30.496" classname="com.crm.qa.testcases.HomePageTest"/>
</testsuite> <!-- com.crm.qa.testcases.HomePageTest -->
