<?xml version="1.0" encoding="UTF-8"?>
<!-- Generated by org.testng.reporters.JUnitReportReporter -->
<testsuite hostname="SURESHKRISHNAN" name="com.crm.qa.testcases.TasksPageTest" tests="1" failures="0" timestamp="27 Feb 2018 18:48:50 GMT" time="48.540" errors="0">
  <testcase name="createnewTaskTest" time="48.540" classname="com.crm.qa.testcases.TasksPageTest"/>
</testsuite> <!-- com.crm.qa.testcases.TasksPageTest -->
